Determining if the pthread_create exist failed with the following output:
Change Dir: /home/bishoy/udacity_sensor_fusion/lidar/SFND_Lidar_Obstacle_Detection/src/quiz/ransac/build/CMakeFiles/CMakeTmp

Run Build Command:"/usr/bin/make" "cmTC_fcf72/fast"
/usr/bin/make -f CMakeFiles/cmTC_fcf72.dir/build.make CMakeFiles/cmTC_fcf72.dir/build
make[1]: Entering directory '/home/bishoy/udacity_sensor_fusion/lidar/SFND_Lidar_Obstacle_Detection/src/quiz/ransac/build/CMakeFiles/CMakeTmp'
Building C object CMakeFiles/cmTC_fcf72.dir/CheckSymbolExists.c.o
/usr/bin/cc     -o CMakeFiles/cmTC_fcf72.dir/CheckSymbolExists.c.o   -c /home/bishoy/udacity_sensor_fusion/lidar/SFND_Lidar_Obstacle_Detection/src/quiz/ransac/build/CMakeFiles/CMakeTmp/CheckSymbolExists.c
Linking C executable cmTC_fcf72
/usr/bin/cmake -E cmake_link_script CMakeFiles/cmTC_fcf72.dir/link.txt --verbose=1
/usr/bin/cc       CMakeFiles/cmTC_fcf72.dir/CheckSymbolExists.c.o  -o cmTC_fcf72 -rdynamic 
CMakeFiles/cmTC_fcf72.dir/CheckSymbolExists.c.o: In function `main':
CheckSymbolExists.c:(.text+0x16): undefined reference to `pthread_create'
collect2: error: ld returned 1 exit status
CMakeFiles/cmTC_fcf72.dir/build.make:97: recipe for target 'cmTC_fcf72' failed
make[1]: *** [cmTC_fcf72] Error 1
make[1]: Leaving directory '/home/bishoy/udacity_sensor_fusion/lidar/SFND_Lidar_Obstacle_Detection/src/quiz/ransac/build/CMakeFiles/CMakeTmp'
Makefile:126: recipe for target 'cmTC_fcf72/fast' failed
make: *** [cmTC_fcf72/fast] Error 2

File /home/bishoy/udacity_sensor_fusion/lidar/SFND_Lidar_Obstacle_Detection/src/quiz/ransac/build/CMakeFiles/CMakeTmp/CheckSymbolExists.c:
/* */
#include <pthread.h>

int main(int argc, char** argv)
{
  (void)argv;
#ifndef pthread_create
  return ((int*)(&pthread_create))[argc];
#else
  (void)argc;
  return 0;
#endif
}

Determining if the function pthread_create exists in the pthreads failed with the following output:
Change Dir: /home/bishoy/udacity_sensor_fusion/lidar/SFND_Lidar_Obstacle_Detection/src/quiz/ransac/build/CMakeFiles/CMakeTmp

Run Build Command:"/usr/bin/make" "cmTC_b980f/fast"
/usr/bin/make -f CMakeFiles/cmTC_b980f.dir/build.make CMakeFiles/cmTC_b980f.dir/build
make[1]: Entering directory '/home/bishoy/udacity_sensor_fusion/lidar/SFND_Lidar_Obstacle_Detection/src/quiz/ransac/build/CMakeFiles/CMakeTmp'
Building C object CMakeFiles/cmTC_b980f.dir/CheckFunctionExists.c.o
/usr/bin/cc    -DCHECK_FUNCTION_EXISTS=pthread_create   -o CMakeFiles/cmTC_b980f.dir/CheckFunctionExists.c.o   -c /usr/share/cmake-3.5/Modules/CheckFunctionExists.c
Linking C executable cmTC_b980f
/usr/bin/cmake -E cmake_link_script CMakeFiles/cmTC_b980f.dir/link.txt --verbose=1
/usr/bin/cc   -DCHECK_FUNCTION_EXISTS=pthread_create    CMakeFiles/cmTC_b980f.dir/CheckFunctionExists.c.o  -o cmTC_b980f -rdynamic -lpthreads 
/usr/bin/ld: cannot find -lpthreads
collect2: error: ld returned 1 exit status
CMakeFiles/cmTC_b980f.dir/build.make:97: recipe for target 'cmTC_b980f' failed
make[1]: *** [cmTC_b980f] Error 1
make[1]: Leaving directory '/home/bishoy/udacity_sensor_fusion/lidar/SFND_Lidar_Obstacle_Detection/src/quiz/ransac/build/CMakeFiles/CMakeTmp'
Makefile:126: recipe for target 'cmTC_b980f/fast' failed
make: *** [cmTC_b980f/fast] Error 2


